[2023-12-01T11:52:49.881+0000] {manager.py:487} INFO - Processing files using up to 2 processes at a time 
[2023-12-01T11:52:49.882+0000] {manager.py:488} INFO - Process each file at most once every 30 seconds
[2023-12-01T11:52:49.883+0000] {manager.py:489} INFO - Checking for new files in /opt/airflow/dags every 300 seconds
[2023-12-01T11:52:49.884+0000] {manager.py:755} INFO - Searching for files in /opt/airflow/dags
[2023-12-01T11:52:49.933+0000] {manager.py:758} INFO - There are 1 files in /opt/airflow/dags
[2023-12-01T11:52:50.053+0000] {manager.py:887} INFO - 
================================================================================
DAG File Processing Stats

File Path                                  PID  Runtime      # DAGs    # Errors  Last Runtime    Last Run
---------------------------------------  -----  ---------  --------  ----------  --------------  ----------
/opt/airflow/dags/simple_ml_pipeline.py     55  0.06s             0           0
================================================================================
[2023-12-01T11:53:20.275+0000] {manager.py:887} INFO - 
================================================================================
DAG File Processing Stats

File Path                                PID    Runtime      # DAGs    # Errors  Last Runtime    Last Run
---------------------------------------  -----  ---------  --------  ----------  --------------  -------------------
/opt/airflow/dags/simple_ml_pipeline.py                           1           0  2.67s           2023-12-01T11:52:52
================================================================================
[2023-12-01T11:53:50.508+0000] {manager.py:887} INFO - 
================================================================================
DAG File Processing Stats

File Path                                PID    Runtime      # DAGs    # Errors  Last Runtime    Last Run
---------------------------------------  -----  ---------  --------  ----------  --------------  -------------------
/opt/airflow/dags/simple_ml_pipeline.py                           1           0  1.30s           2023-12-01T11:53:24
================================================================================
[2023-12-01T11:54:20.762+0000] {manager.py:887} INFO - 
================================================================================
DAG File Processing Stats

File Path                                PID    Runtime      # DAGs    # Errors  Last Runtime    Last Run
---------------------------------------  -----  ---------  --------  ----------  --------------  -------------------
/opt/airflow/dags/simple_ml_pipeline.py                           1           0  1.65s           2023-12-01T11:53:56
================================================================================
[2023-12-01T11:54:50.768+0000] {manager.py:887} INFO - 
================================================================================
DAG File Processing Stats

File Path                                PID    Runtime      # DAGs    # Errors  Last Runtime    Last Run
---------------------------------------  -----  ---------  --------  ----------  --------------  -------------------
/opt/airflow/dags/simple_ml_pipeline.py                           1           0  1.31s           2023-12-01T11:54:27
================================================================================
[2023-12-01T11:55:21.124+0000] {manager.py:887} INFO - 
================================================================================
DAG File Processing Stats

File Path                                PID    Runtime      # DAGs    # Errors  Last Runtime    Last Run
---------------------------------------  -----  ---------  --------  ----------  --------------  -------------------
/opt/airflow/dags/simple_ml_pipeline.py                           1           0  1.21s           2023-12-01T11:54:59
================================================================================
[2023-12-01T11:55:51.434+0000] {manager.py:887} INFO - 
================================================================================
DAG File Processing Stats

File Path                                PID    Runtime      # DAGs    # Errors  Last Runtime    Last Run
---------------------------------------  -----  ---------  --------  ----------  --------------  -------------------
/opt/airflow/dags/simple_ml_pipeline.py                           1           0  1.16s           2023-12-01T11:55:30
================================================================================
